=== SPIN VERIFICATION LOG ===
timestamp: 2026-05-10T16:27:17.931939
file: /home/slade/defi_guardian/SimpleLending.sol

--- STDOUT ---

--- LTL safety_no_overflow ---
pan: ltl formula safety_no_overflow
pan:1: assertion violated (totalSupply>=(totalBorrowed+amount)) (at depth 5)
pan: wrote translated_output.pml.trail

(Spin Version 6.5.2 -- 6 December 2019)
Warning: Search not completed
	+ Partial Order Reduction

Full statespace search for:
	never claim         	+ (safety_no_overflow)
	assertion violations	+ (if within scope of claim)
	acceptance   cycles 	+ (fairness disabled)
	invalid end states	- (disabled by never claim)

State-vector 60 byte, depth reached 5, errors: 1
        3 states, stored
        0 states, matched
        3 transitions (= stored+matched)
        0 atomic steps
hash conflicts:         0 (resolved)

Stats on memory usage (in Megabytes):
    0.000	equivalent memory usage for states (stored*(State-vector + overhead))
    0.279	actual memory usage for states
  128.000	memory used for hash table (-w24)
    0.534	memory used for DFS stack (-m10000)
  128.730	total actual memory usage



pan: elapsed time 0 seconds

--- LTL safety_reentrancy ---
pan: ltl formula safety_reentrancy
pan:1: assertion violated (totalSupply>=(totalBorrowed+amount)) (at depth 5)
pan: wrote translated_output.pml.trail

(Spin Version 6.5.2 -- 6 December 2019)
Warning: Search not completed
	+ Partial Order Reduction

Full statespace search for:
	never claim         	+ (safety_reentrancy)
	assertion violations	+ (if within scope of claim)
	acceptance   cycles 	+ (fairness disabled)
	invalid end states	- (disabled by never claim)

State-vector 60 byte, depth reached 5, errors: 1
        3 states, stored
        0 states, matched
        3 transitions (= stored+matched)
        0 atomic steps
hash conflicts:         0 (resolved)

Stats on memory usage (in Megabytes):
    0.000	equivalent memory usage for states (stored*(State-vector + overhead))
    0.279	actual memory usage for states
  128.000	memory used for hash table (-w24)
    0.534	memory used for DFS stack (-m10000)
  128.730	total actual memory usage



pan: elapsed time 0 seconds

--- LTL liveness_progress ---
pan: ltl formula liveness_progress
pan:1: assertion violated (totalSupply>=(totalBorrowed+amount)) (at depth 5)
pan: wrote translated_output.pml.trail

(Spin Version 6.5.2 -- 6 December 2019)
Warning: Search not completed
	+ Partial Order Reduction

Full statespace search for:
	never claim         	+ (liveness_progress)
	assertion violations	+ (if within scope of claim)
	acceptance   cycles 	+ (fairness disabled)
	invalid end states	- (disabled by never claim)

State-vector 60 byte, depth reached 5, errors: 1
        3 states, stored
        0 states, matched
        3 transitions (= stored+matched)
        0 atomic steps
hash conflicts:         0 (resolved)

Stats on memory usage (in Megabytes):
    0.000	equivalent memory usage for states (stored*(State-vector + overhead))
    0.279	actual memory usage for states
  128.000	memory used for hash table (-w24)
    0.534	memory used for DFS stack (-m10000)
  128.730	total actual memory usage



pan: elapsed time 0 seconds

--- LTL invariant_collateral ---
pan: ltl formula invariant_collateral
pan:1: assertion violated (totalSupply>=(totalBorrowed+amount)) (at depth 5)
pan: wrote translated_output.pml.trail

(Spin Version 6.5.2 -- 6 December 2019)
Warning: Search not completed
	+ Partial Order Reduction

Full statespace search for:
	never claim         	+ (invariant_collateral)
	assertion violations	+ (if within scope of claim)
	acceptance   cycles 	+ (fairness disabled)
	invalid end states	- (disabled by never claim)

State-vector 60 byte, depth reached 5, errors: 1
        3 states, stored
        0 states, matched
        3 transitions (= stored+matched)
        0 atomic steps
hash conflicts:         0 (resolved)

Stats on memory usage (in Megabytes):
    0.000	equivalent memory usage for states (stored*(State-vector + overhead))
    0.279	actual memory usage for states
  128.000	memory used for hash table (-w24)
    0.534	memory used for DFS stack (-m10000)
  128.730	total actual memory usage



pan: elapsed time 0 seconds

--- LTL response_price_drop ---
pan: ltl formula response_price_drop
pan:1: assertion violated (totalSupply>=(totalBorrowed+amount)) (at depth 5)
pan: wrote translated_output.pml.trail

(Spin Version 6.5.2 -- 6 December 2019)
Warning: Search not completed
	+ Partial Order Reduction

Full statespace search for:
	never claim         	+ (response_price_drop)
	assertion violations	+ (if within scope of claim)
	acceptance   cycles 	+ (fairness disabled)
	invalid end states	- (disabled by never claim)

State-vector 60 byte, depth reached 5, errors: 1
        3 states, stored
        0 states, matched
        3 transitions (= stored+matched)
        0 atomic steps
hash conflicts:         0 (resolved)

Stats on memory usage (in Megabytes):
    0.000	equivalent memory usage for states (stored*(State-vector + overhead))
    0.279	actual memory usage for states
  128.000	memory used for hash table (-w24)
    0.534	memory used for DFS stack (-m10000)
  128.730	total actual memory usage



pan: elapsed time 0 seconds

--- LTL stability ---
pan: ltl formula stability
pan:1: assertion violated (totalSupply>=(totalBorrowed+amount)) (at depth 5)
pan: wrote translated_output.pml.trail

(Spin Version 6.5.2 -- 6 December 2019)
Warning: Search not completed
	+ Partial Order Reduction

Full statespace search for:
	never claim         	+ (stability)
	assertion violations	+ (if within scope of claim)
	acceptance   cycles 	+ (fairness disabled)
	invalid end states	- (disabled by never claim)

State-vector 60 byte, depth reached 5, errors: 1
        3 states, stored
        0 states, matched
        3 transitions (= stored+matched)
        0 atomic steps
hash conflicts:         0 (resolved)

Stats on memory usage (in Megabytes):
    0.000	equivalent memory usage for states (stored*(State-vector + overhead))
    0.279	actual memory usage for states
  128.000	memory used for hash table (-w24)
    0.534	memory used for DFS stack (-m10000)
  128.730	total actual memory usage



pan: elapsed time 0 seconds

--- LTL fairness ---
pan: ltl formula fairness
pan:1: assertion violated (totalSupply>=(totalBorrowed+amount)) (at depth 5)
pan: wrote translated_output.pml.trail

(Spin Version 6.5.2 -- 6 December 2019)
Warning: Search not completed
	+ Partial Order Reduction

Full statespace search for:
	never claim         	+ (fairness)
	assertion violations	+ (if within scope of claim)
	acceptance   cycles 	+ (fairness disabled)
	invalid end states	- (disabled by never claim)

State-vector 60 byte, depth reached 5, errors: 1
        3 states, stored
        0 states, matched
        3 transitions (= stored+matched)
        0 atomic steps
hash conflicts:         0 (resolved)

Stats on memory usage (in Megabytes):
    0.000	equivalent memory usage for states (stored*(State-vector + overhead))
    0.279	actual memory usage for states
  128.000	memory used for hash table (-w24)
    0.534	memory used for DFS stack (-m10000)
  128.730	total actual memory usage



pan: elapsed time 0 seconds

--- LTL reachability_liquidation ---
pan: ltl formula reachability_liquidation
pan:1: assertion violated (totalSupply>=(totalBorrowed+amount)) (at depth 5)
pan: wrote translated_output.pml.trail

(Spin Version 6.5.2 -- 6 December 2019)
Warning: Search not completed
	+ Partial Order Reduction

Full statespace search for:
	never claim         	+ (reachability_liquidation)
	assertion violations	+ (if within scope of claim)
	acceptance   cycles 	+ (fairness disabled)
	invalid end states	- (disabled by never claim)

State-vector 60 byte, depth reached 5, errors: 1
        3 states, stored
        0 states, matched
        3 transitions (= stored+matched)
        0 atomic steps
hash conflicts:         0 (resolved)

Stats on memory usage (in Megabytes):
    0.000	equivalent memory usage for states (stored*(State-vector + overhead))
    0.279	actual memory usage for states
  128.000	memory used for hash table (-w24)
    0.534	memory used for DFS stack (-m10000)
  128.730	total actual memory usage



pan: elapsed time 0 seconds


--- STDERR ---
