=== SPIN VERIFICATION LOG ===
timestamp: 2026-06-10T14:34:58.103206
file: /home/slade/defi-guardian-main/scratch.sol

--- STDOUT ---
pan: ltl formula never_0

(Spin Version 6.5.2 -- 6 December 2019)
	+ Partial Order Reduction

Full statespace search for:
	never claim         	+ (never_0)
	assertion violations	+ (if within scope of claim)
	acceptance   cycles 	+ (fairness disabled)
	invalid end states	- (disabled by never claim)

State-vector 52 byte, depth reached 4, errors: 0
        3 states, stored
        0 states, matched
        3 transitions (= stored+matched)
        0 atomic steps
hash conflicts:         0 (resolved)

Stats on memory usage (in Megabytes):
    0.000	equivalent memory usage for states (stored*(State-vector + overhead))
    0.279	actual memory usage for states
  128.000	memory used for hash table (-w24)
    0.534	memory used for DFS stack (-m10000)
  128.730	total actual memory usage


unreached in proctype Contract
	/home/slade/defi-guardian-main/generated/models/translated_output.pml:47, state 7, "assert((user_collateral>=0))"
	/home/slade/defi-guardian-main/generated/models/translated_output.pml:48, state 8, "assert((user_debt>=0))"
	/home/slade/defi-guardian-main/generated/models/translated_output.pml:49, state 9, "assert((price_eth>0))"
	/home/slade/defi-guardian-main/generated/models/translated_output.pml:52, state 10, "health_factor = ((user_collateral*price_eth)/user_debt)"
	/home/slade/defi-guardian-main/generated/models/translated_output.pml:58, state 13, "liquidation_executed = 1"
	/home/slade/defi-guardian-main/generated/models/translated_output.pml:59, state 14, "state = 2"
	/home/slade/defi-guardian-main/generated/models/translated_output.pml:61, state 16, "printf('Position healthy: health_factor = %d\n',health_factor)"
	/home/slade/defi-guardian-main/generated/models/translated_output.pml:56, state 17, "((health_factor<100))"
	/home/slade/defi-guardian-main/generated/models/translated_output.pml:56, state 17, "else"
	/home/slade/defi-guardian-main/generated/models/translated_output.pml:65, state 21, "state = 2"
	/home/slade/defi-guardian-main/generated/models/translated_output.pml:68, state 26, "printf('Contract execution terminated.\n')"
	/home/slade/defi-guardian-main/generated/models/translated_output.pml:72, state 30, "-end-"
	(11 of 30 states)
unreached in claim never_0
	/home/slade/defi-guardian-main/generated/models/translated_output.pml:81, state 10, "-end-"
	(1 of 10 states)
unreached in claim safety_no_overflow
	_spin_nvr.tmp:8, state 10, "-end-"
	(1 of 10 states)
unreached in claim safety_reentrancy
	_spin_nvr.tmp:17, state 10, "-end-"
	(1 of 10 states)
unreached in claim liveness_progress
	_spin_nvr.tmp:24, state 6, "-end-"
	(1 of 6 states)
unreached in claim invariant_collateral
	_spin_nvr.tmp:33, state 10, "-end-"
	(1 of 10 states)
unreached in claim response_price_drop
	_spin_nvr.tmp:42, state 10, "(!((health_factor<150)))"
	_spin_nvr.tmp:44, state 13, "-end-"
	(2 of 13 states)
unreached in claim stability
	_spin_nvr.tmp:53, state 10, "(!(((amount>0)&&(health_factor>200))))"
	_spin_nvr.tmp:55, state 13, "-end-"
	(2 of 13 states)
unreached in claim fairness
	_spin_nvr.tmp:64, state 10, "(!((lock==0)))"
	_spin_nvr.tmp:66, state 13, "-end-"
	(2 of 13 states)
unreached in claim reachability_liquidation
	_spin_nvr.tmp:75, state 10, "(!((liquidation_executed==1)))"
	_spin_nvr.tmp:77, state 13, "-end-"
	(2 of 13 states)

pan: elapsed time 0 seconds


--- STDERR ---
