=== CREUSOT VERIFICATION LOG ===
timestamp: 2026-04-09T13:18:44.621910
file: /home/slade/HIDING/creusot_example.rs

--- STDOUT ---


--- STDERR ---
    Updating crates.io index
   Compiling proc-macro2 v1.0.106
   Compiling autocfg v1.5.0
   Compiling quote v1.0.45
   Compiling libc v0.2.184
   Compiling num-traits v0.2.19
   Compiling unicode-ident v1.0.24
   Compiling getrandom v0.4.2
   Compiling cfg-if v1.0.4
   Compiling syn v2.0.117
    Checking num-integer v0.1.46
   Compiling uuid v1.23.0
    Checking num-bigint v0.4.6
    Checking num-rational v0.4.2
   Compiling pearlite-syn v0.11.0-dev (/home/slade/creusot/pearlite-syn)
   Compiling creusot-std-proc v0.11.0-dev (/home/slade/creusot/creusot-std-proc)
    Checking creusot-std v0.11.0-dev (/home/slade/creusot/creusot-std)
    Checking creusot_verify v0.1.0 (/tmp/tmpx543mxal)
warning: unexpected `cfg` condition name: `creusot`
  --> src/lib.rs:12:7
   |
12 | #[cfg(creusot)]
   |       ^^^^^^^
   |
   = help: expected names are: `docsrs`, `feature`, and `test` and 31 more
   = help: consider using a Cargo feature instead
   = help: or consider adding in `Cargo.toml` the `check-cfg` lint config for the lint:
            [lints.rust]
            unexpected_cfgs = { level = "warn", check-cfg = ['cfg(creusot)'] }
   = help: or consider adding `println!("cargo::rustc-check-cfg=cfg(creusot)");` to the top of the `build.rs`
   = note: see <https://doc.rust-lang.org/nightly/rustc/check-cfg/cargo-specifics.html> for more information about checking conditional configuration
   = note: `#[warn(unexpected_cfgs)]` on by default

warning: function `max` is never used
 --> src/lib.rs:7:4
  |
7 | fn max(x: u64, y: u64) -> u64 {
  |    ^^^
  |
  = note: `#[warn(dead_code)]` (part of `#[warn(unused)]`) on by default

warning: function `verified_max` is never used
  --> src/lib.rs:16:4
   |
16 | fn verified_max(x: u64, y: u64) -> u64 {
   |    ^^^^^^^^^^^^

warning: `creusot_verify` (lib) generated 3 warnings
    Finished `dev` profile [unoptimized + debuginfo] target(s) in 46.80s
