=== CREUSOT VERIFICATION LOG ===
timestamp: 2026-04-09T15:26:02.812130
file: /home/slade/defi_guardian/defi_vault.rs

--- STDOUT ---


--- STDERR ---
    Updating crates.io index
   Compiling autocfg v1.5.0
   Compiling proc-macro2 v1.0.106
   Compiling unicode-ident v1.0.24
   Compiling quote v1.0.45
   Compiling libc v0.2.184
   Compiling getrandom v0.4.2
   Compiling cfg-if v1.0.4
   Compiling num-traits v0.2.19
   Compiling syn v2.0.117
    Checking num-integer v0.1.46
    Checking num-bigint v0.4.6
   Compiling uuid v1.23.0
    Checking num-rational v0.4.2
   Compiling pearlite-syn v0.11.0-dev (/home/slade/creusot/pearlite-syn)
   Compiling creusot-std-proc v0.11.0-dev (/home/slade/creusot/creusot-std-proc)
    Checking creusot-std v0.11.0-dev (/home/slade/creusot/creusot-std)
    Checking creusot_verify v0.1.0 (/tmp/tmpnd49t_zr)
error: an inner attribute is not permitted in this context
  --> src/lib.rs:9:1
   |
 9 | #![allow(dead_code)]
   | ^^^^^^^^^^^^^^^^^^^^
...
12 | use std::cmp::min;
   | ------------------ the inner attribute doesn't annotate this `use` import
   |
   = note: inner attributes, like `#![no_std]`, annotate the item enclosing them, and are usually found at the beginning of source files
help: to annotate the `use` import, change the attribute from inner to outer style
   |
 9 - #![allow(dead_code)]
 9 + #[allow(dead_code)]
   |

error: an inner attribute is not permitted in this context
  --> src/lib.rs:10:1
   |
10 | #![allow(unused_variables)]
   | ^^^^^^^^^^^^^^^^^^^^^^^^^^^
11 |
12 | use std::cmp::min;
   | ------------------ the inner attribute doesn't annotate this `use` import
   |
   = note: inner attributes, like `#![no_std]`, annotate the item enclosing them, and are usually found at the beginning of source files
help: to annotate the `use` import, change the attribute from inner to outer style
   |
10 - #![allow(unused_variables)]
10 + #[allow(unused_variables)]
   |

error: cannot find attribute `pure` in this scope
  --> src/lib.rs:59:38
   |
59 |     #[cfg_attr(any(prusti, creusot), pure)]
   |                                      ^^^^

error: cannot find attribute `pure` in this scope
  --> src/lib.rs:67:38
   |
67 |     #[cfg_attr(any(prusti, creusot), pure)]
   |                                      ^^^^

error: cannot find attribute `pure` in this scope
  --> src/lib.rs:73:38
   |
73 |     #[cfg_attr(any(prusti, creusot), pure)]
   |                                      ^^^^

error: cannot find attribute `pure` in this scope
  --> src/lib.rs:79:38
   |
79 |     #[cfg_attr(any(prusti, creusot), pure)]
   |                                      ^^^^

error: cannot find attribute `pure` in this scope
   --> src/lib.rs:308:38
    |
308 |     #[cfg_attr(any(prusti, creusot), pure)]
    |                                      ^^^^

error[E0659]: `Clone` is ambiguous
  --> src/lib.rs:20:10
   |
20 | #[derive(Clone, Debug)]
   |          ^^^^^ ambiguous name
   |
   = note: ambiguous because of a conflict between a name from a glob import and an outer scope during import or macro resolution
note: `Clone` could refer to the derive macro imported here
  --> src/lib.rs:6:5
   |
 6 | use creusot_std::prelude::*;
   |     ^^^^^^^^^^^^^^^^^^^^^^^
   = help: consider adding an explicit import of `Clone` to disambiguate
   = help: or use `crate::Clone` to refer to this derive macro unambiguously
note: `Clone` could also refer to a derive macro from prelude
  --> /rustc/6a979b3e32522049d0acb4a47f7ae44b7c8abfd5/library/std/src/prelude/mod.rs:143:12

warning: unexpected `cfg` condition name: `prusti`
  --> src/lib.rs:13:7
   |
13 | #[cfg(prusti)]
   |       ^^^^^^
   |
   = help: expected names are: `docsrs`, `feature`, and `test` and 31 more
   = help: consider using a Cargo feature instead
   = help: or consider adding in `Cargo.toml` the `check-cfg` lint config for the lint:
            [lints.rust]
            unexpected_cfgs = { level = "warn", check-cfg = ['cfg(prusti)'] }
   = help: or consider adding `println!("cargo::rustc-check-cfg=cfg(prusti)");` to the top of the `build.rs`
   = note: see <https://doc.rust-lang.org/nightly/rustc/check-cfg/cargo-specifics.html> for more information about checking conditional configuration
   = note: `#[warn(unexpected_cfgs)]` on by default

warning: unexpected `cfg` condition name: `prusti`
  --> src/lib.rs:59:20
   |
59 |     #[cfg_attr(any(prusti, creusot), pure)]
   |                    ^^^^^^
   |
   = help: consider using a Cargo feature instead
   = help: or consider adding in `Cargo.toml` the `check-cfg` lint config for the lint:
            [lints.rust]
            unexpected_cfgs = { level = "warn", check-cfg = ['cfg(prusti)'] }
   = help: or consider adding `println!("cargo::rustc-check-cfg=cfg(prusti)");` to the top of the `build.rs`
   = note: see <https://doc.rust-lang.org/nightly/rustc/check-cfg/cargo-specifics.html> for more information about checking conditional configuration

warning: unexpected `cfg` condition name: `creusot`
  --> src/lib.rs:59:28
   |
59 |     #[cfg_attr(any(prusti, creusot), pure)]
   |                            ^^^^^^^
   |
   = help: consider using a Cargo feature instead
   = help: or consider adding in `Cargo.toml` the `check-cfg` lint config for the lint:
            [lints.rust]
            unexpected_cfgs = { level = "warn", check-cfg = ['cfg(creusot)'] }
   = help: or consider adding `println!("cargo::rustc-check-cfg=cfg(creusot)");` to the top of the `build.rs`
   = note: see <https://doc.rust-lang.org/nightly/rustc/check-cfg/cargo-specifics.html> for more information about checking conditional configuration

warning: unexpected `cfg` condition name: `prusti`
  --> src/lib.rs:67:20
   |
67 |     #[cfg_attr(any(prusti, creusot), pure)]
   |                    ^^^^^^
   |
   = help: consider using a Cargo feature instead
   = help: or consider adding in `Cargo.toml` the `check-cfg` lint config for the lint:
            [lints.rust]
            unexpected_cfgs = { level = "warn", check-cfg = ['cfg(prusti)'] }
   = help: or consider adding `println!("cargo::rustc-check-cfg=cfg(prusti)");` to the top of the `build.rs`
   = note: see <https://doc.rust-lang.org/nightly/rustc/check-cfg/cargo-specifics.html> for more information about checking conditional configuration

warning: unexpected `cfg` condition name: `creusot`
  --> src/lib.rs:67:28
   |
67 |     #[cfg_attr(any(prusti, creusot), pure)]
   |                            ^^^^^^^
   |
   = help: consider using a Cargo feature instead
   = help: or consider adding in `Cargo.toml` the `check-cfg` lint config for the lint:
            [lints.rust]
            unexpected_cfgs = { level = "warn", check-cfg = ['cfg(creusot)'] }
   = help: or consider adding `println!("cargo::rustc-check-cfg=cfg(creusot)");` to the top of the `build.rs`
   = note: see <https://doc.rust-lang.org/nightly/rustc/check-cfg/cargo-specifics.html> for more information about checking conditional configuration

warning: unexpected `cfg` condition name: `prusti`
  --> src/lib.rs:73:20
   |
73 |     #[cfg_attr(any(prusti, creusot), pure)]
   |                    ^^^^^^
   |
   = help: consider using a Cargo feature instead
   = help: or consider adding in `Cargo.toml` the `check-cfg` lint config for the lint:
            [lints.rust]
            unexpected_cfgs = { level = "warn", check-cfg = ['cfg(prusti)'] }
   = help: or consider adding `println!("cargo::rustc-check-cfg=cfg(prusti)");` to the top of the `build.rs`
   = note: see <https://doc.rust-lang.org/nightly/rustc/check-cfg/cargo-specifics.html> for more information about checking conditional configuration

warning: unexpected `cfg` condition name: `creusot`
  --> src/lib.rs:73:28
   |
73 |     #[cfg_attr(any(prusti, creusot), pure)]
   |                            ^^^^^^^
   |
   = help: consider using a Cargo feature instead
   = help: or consider adding in `Cargo.toml` the `check-cfg` lint config for the lint:
            [lints.rust]
            unexpected_cfgs = { level = "warn", check-cfg = ['cfg(creusot)'] }
   = help: or consider adding `println!("cargo::rustc-check-cfg=cfg(creusot)");` to the top of the `build.rs`
   = note: see <https://doc.rust-lang.org/nightly/rustc/check-cfg/cargo-specifics.html> for more information about checking conditional configuration

warning: unexpected `cfg` condition name: `prusti`
  --> src/lib.rs:79:20
   |
79 |     #[cfg_attr(any(prusti, creusot), pure)]
   |                    ^^^^^^
   |
   = help: consider using a Cargo feature instead
   = help: or consider adding in `Cargo.toml` the `check-cfg` lint config for the lint:
            [lints.rust]
            unexpected_cfgs = { level = "warn", check-cfg = ['cfg(prusti)'] }
   = help: or consider adding `println!("cargo::rustc-check-cfg=cfg(prusti)");` to the top of the `build.rs`
   = note: see <https://doc.rust-lang.org/nightly/rustc/check-cfg/cargo-specifics.html> for more information about checking conditional configuration

warning: unexpected `cfg` condition name: `creusot`
  --> src/lib.rs:79:28
   |
79 |     #[cfg_attr(any(prusti, creusot), pure)]
   |                            ^^^^^^^
   |
   = help: consider using a Cargo feature instead
   = help: or consider adding in `Cargo.toml` the `check-cfg` lint config for the lint:
            [lints.rust]
            unexpected_cfgs = { level = "warn", check-cfg = ['cfg(creusot)'] }
   = help: or consider adding `println!("cargo::rustc-check-cfg=cfg(creusot)");` to the top of the `build.rs`
   = note: see <https://doc.rust-lang.org/nightly/rustc/check-cfg/cargo-specifics.html> for more information about checking conditional configuration

warning: unexpected `cfg` condition name: `prusti`
   --> src/lib.rs:105:16
    |
105 |     #[cfg_attr(prusti, ensures(self.invariant_total_supply()))]
    |                ^^^^^^
    |
    = help: consider using a Cargo feature instead
    = help: or consider adding in `Cargo.toml` the `check-cfg` lint config for the lint:
             [lints.rust]
             unexpected_cfgs = { level = "warn", check-cfg = ['cfg(prusti)'] }
    = help: or consider adding `println!("cargo::rustc-check-cfg=cfg(prusti)");` to the top of the `build.rs`
    = note: see <https://doc.rust-lang.org/nightly/rustc/check-cfg/cargo-specifics.html> for more information about checking conditional configuration

warning: unexpected `cfg` condition name: `prusti`
   --> src/lib.rs:106:16
    |
106 |     #[cfg_attr(prusti, ensures(self.invariant_no_overflow()))]
    |                ^^^^^^
    |
    = help: consider using a Cargo feature instead
    = help: or consider adding in `Cargo.toml` the `check-cfg` lint config for the lint:
             [lints.rust]
             unexpected_cfgs = { level = "warn", check-cfg = ['cfg(prusti)'] }
    = help: or consider adding `println!("cargo::rustc-check-cfg=cfg(prusti)");` to the top of the `build.rs`
    = note: see <https://doc.rust-lang.org/nightly/rustc/check-cfg/cargo-specifics.html> for more information about checking conditional configuration

warning: unexpected `cfg` condition name: `prusti`
   --> src/lib.rs:107:16
    |
107 |     #[cfg_attr(prusti, ensures(!self.locked))]
    |                ^^^^^^
    |
    = help: consider using a Cargo feature instead
    = help: or consider adding in `Cargo.toml` the `check-cfg` lint config for the lint:
             [lints.rust]
             unexpected_cfgs = { level = "warn", check-cfg = ['cfg(prusti)'] }
    = help: or consider adding `println!("cargo::rustc-check-cfg=cfg(prusti)");` to the top of the `build.rs`
    = note: see <https://doc.rust-lang.org/nightly/rustc/check-cfg/cargo-specifics.html> for more information about checking conditional configuration

warning: unexpected `cfg` condition name: `prusti`
   --> src/lib.rs:147:16
    |
147 |     #[cfg_attr(prusti, ensures(self.collateral == old(self.collateral) + amount))]
    |                ^^^^^^
    |
    = help: consider using a Cargo feature instead
    = help: or consider adding in `Cargo.toml` the `check-cfg` lint config for the lint:
             [lints.rust]
             unexpected_cfgs = { level = "warn", check-cfg = ['cfg(prusti)'] }
    = help: or consider adding `println!("cargo::rustc-check-cfg=cfg(prusti)");` to the top of the `build.rs`
    = note: see <https://doc.rust-lang.org/nightly/rustc/check-cfg/cargo-specifics.html> for more information about checking conditional configuration

warning: unexpected `cfg` condition name: `prusti`
   --> src/lib.rs:148:16
    |
148 |     #[cfg_attr(prusti, ensures(self.total_supply == old(self.total_supply) + amount))]
    |                ^^^^^^
    |
    = help: consider using a Cargo feature instead
    = help: or consider adding in `Cargo.toml` the `check-cfg` lint config for the lint:
             [lints.rust]
             unexpected_cfgs = { level = "warn", check-cfg = ['cfg(prusti)'] }
    = help: or consider adding `println!("cargo::rustc-check-cfg=cfg(prusti)");` to the top of the `build.rs`
    = note: see <https://doc.rust-lang.org/nightly/rustc/check-cfg/cargo-specifics.html> for more information about checking conditional configuration

warning: unexpected `cfg` condition name: `prusti`
   --> src/lib.rs:149:16
    |
149 |     #[cfg_attr(prusti, ensures(self.invariant_solvency()))]
    |                ^^^^^^
    |
    = help: consider using a Cargo feature instead
    = help: or consider adding in `Cargo.toml` the `check-cfg` lint config for the lint:
             [lints.rust]
             unexpected_cfgs = { level = "warn", check-cfg = ['cfg(prusti)'] }
    = help: or consider adding `println!("cargo::rustc-check-cfg=cfg(prusti)");` to the top of the `build.rs`
    = note: see <https://doc.rust-lang.org/nightly/rustc/check-cfg/cargo-specifics.html> for more information about checking conditional configuration

warning: unexpected `cfg` condition name: `prusti`
   --> src/lib.rs:178:16
    |
178 |     #[cfg_attr(prusti, requires(self.collateral >= amount))]
    |                ^^^^^^
    |
    = help: consider using a Cargo feature instead
    = help: or consider adding in `Cargo.toml` the `check-cfg` lint config for the lint:
             [lints.rust]
             unexpected_cfgs = { level = "warn", check-cfg = ['cfg(prusti)'] }
    = help: or consider adding `println!("cargo::rustc-check-cfg=cfg(prusti)");` to the top of the `build.rs`
    = note: see <https://doc.rust-lang.org/nightly/rustc/check-cfg/cargo-specifics.html> for more information about checking conditional configuration

warning: unexpected `cfg` condition name: `prusti`
   --> src/lib.rs:179:16
    |
179 |     #[cfg_attr(prusti, requires(self.balances[user] >= amount))]
    |                ^^^^^^
    |
    = help: consider using a Cargo feature instead
    = help: or consider adding in `Cargo.toml` the `check-cfg` lint config for the lint:
             [lints.rust]
             unexpected_cfgs = { level = "warn", check-cfg = ['cfg(prusti)'] }
    = help: or consider adding `println!("cargo::rustc-check-cfg=cfg(prusti)");` to the top of the `build.rs`
    = note: see <https://doc.rust-lang.org/nightly/rustc/check-cfg/cargo-specifics.html> for more information about checking conditional configuration

warning: unexpected `cfg` condition name: `prusti`
   --> src/lib.rs:180:16
    |
180 |     #[cfg_attr(prusti, requires(self.collateral - amount >= self.debt / self.price))]
    |                ^^^^^^
    |
    = help: consider using a Cargo feature instead
    = help: or consider adding in `Cargo.toml` the `check-cfg` lint config for the lint:
             [lints.rust]
             unexpected_cfgs = { level = "warn", check-cfg = ['cfg(prusti)'] }
    = help: or consider adding `println!("cargo::rustc-check-cfg=cfg(prusti)");` to the top of the `build.rs`
    = note: see <https://doc.rust-lang.org/nightly/rustc/check-cfg/cargo-specifics.html> for more information about checking conditional configuration

warning: unexpected `cfg` condition name: `prusti`
   --> src/lib.rs:181:16
    |
181 |     #[cfg_attr(prusti, ensures(self.collateral == old(self.collateral) - amount))]
    |                ^^^^^^
    |
    = help: consider using a Cargo feature instead
    = help: or consider adding in `Cargo.toml` the `check-cfg` lint config for the lint:
             [lints.rust]
             unexpected_cfgs = { level = "warn", check-cfg = ['cfg(prusti)'] }
    = help: or consider adding `println!("cargo::rustc-check-cfg=cfg(prusti)");` to the top of the `build.rs`
    = note: see <https://doc.rust-lang.org/nightly/rustc/check-cfg/cargo-specifics.html> for more information about checking conditional configuration

warning: unexpected `cfg` condition name: `prusti`
   --> src/lib.rs:182:16
    |
182 |     #[cfg_attr(prusti, ensures(self.balances[user] == old(self.balances[user]) - amount))]
    |                ^^^^^^
    |
    = help: consider using a Cargo feature instead
    = help: or consider adding in `Cargo.toml` the `check-cfg` lint config for the lint:
             [lints.rust]
             unexpected_cfgs = { level = "warn", check-cfg = ['cfg(prusti)'] }
    = help: or consider adding `println!("cargo::rustc-check-cfg=cfg(prusti)");` to the top of the `build.rs`
    = note: see <https://doc.rust-lang.org/nightly/rustc/check-cfg/cargo-specifics.html> for more information about checking conditional configuration

warning: unexpected `cfg` condition name: `prusti`
   --> src/lib.rs:183:16
    |
183 |     #[cfg_attr(prusti, ensures(self.invariant_solvency()))]
    |                ^^^^^^
    |
    = help: consider using a Cargo feature instead
    = help: or consider adding in `Cargo.toml` the `check-cfg` lint config for the lint:
             [lints.rust]
             unexpected_cfgs = { level = "warn", check-cfg = ['cfg(prusti)'] }
    = help: or consider adding `println!("cargo::rustc-check-cfg=cfg(prusti)");` to the top of the `build.rs`
    = note: see <https://doc.rust-lang.org/nightly/rustc/check-cfg/cargo-specifics.html> for more information about checking conditional configuration

warning: unexpected `cfg` condition name: `prusti`
   --> src/lib.rs:224:16
    |
224 |     #[cfg_attr(prusti, requires(self.collateral * self.price >= self.debt + amount))]
    |                ^^^^^^
    |
    = help: consider using a Cargo feature instead
    = help: or consider adding in `Cargo.toml` the `check-cfg` lint config for the lint:
             [lints.rust]
             unexpected_cfgs = { level = "warn", check-cfg = ['cfg(prusti)'] }
    = help: or consider adding `println!("cargo::rustc-check-cfg=cfg(prusti)");` to the top of the `build.rs`
    = note: see <https://doc.rust-lang.org/nightly/rustc/check-cfg/cargo-specifics.html> for more information about checking conditional configuration

warning: unexpected `cfg` condition name: `prusti`
   --> src/lib.rs:225:16
    |
225 |     #[cfg_attr(prusti, ensures(self.debt == old(self.debt) + amount))]
    |                ^^^^^^
    |
    = help: consider using a Cargo feature instead
    = help: or consider adding in `Cargo.toml` the `check-cfg` lint config for the lint:
             [lints.rust]
             unexpected_cfgs = { level = "warn", check-cfg = ['cfg(prusti)'] }
    = help: or consider adding `println!("cargo::rustc-check-cfg=cfg(prusti)");` to the top of the `build.rs`
    = note: see <https://doc.rust-lang.org/nightly/rustc/check-cfg/cargo-specifics.html> for more information about checking conditional configuration

warning: unexpected `cfg` condition name: `prusti`
   --> src/lib.rs:226:16
    |
226 |     #[cfg_attr(prusti, ensures(self.balances[user] == old(self.balances[user]) + amount))]
    |                ^^^^^^
    |
    = help: consider using a Cargo feature instead
    = help: or consider adding in `Cargo.toml` the `check-cfg` lint config for the lint:
             [lints.rust]
             unexpected_cfgs = { level = "warn", check-cfg = ['cfg(prusti)'] }
    = help: or consider adding `println!("cargo::rustc-check-cfg=cfg(prusti)");` to the top of the `build.rs`
    = note: see <https://doc.rust-lang.org/nightly/rustc/check-cfg/cargo-specifics.html> for more information about checking conditional configuration

warning: unexpected `cfg` condition name: `prusti`
   --> src/lib.rs:227:16
    |
227 |     #[cfg_attr(prusti, ensures(self.invariant_solvency()))]
    |                ^^^^^^
    |
    = help: consider using a Cargo feature instead
    = help: or consider adding in `Cargo.toml` the `check-cfg` lint config for the lint:
             [lints.rust]
             unexpected_cfgs = { level = "warn", check-cfg = ['cfg(prusti)'] }
    = help: or consider adding `println!("cargo::rustc-check-cfg=cfg(prusti)");` to the top of the `build.rs`
    = note: see <https://doc.rust-lang.org/nightly/rustc/check-cfg/cargo-specifics.html> for more information about checking conditional configuration

warning: unexpected `cfg` condition name: `prusti`
   --> src/lib.rs:259:16
    |
259 |     #[cfg_attr(prusti, requires(self.debt >= amount))]
    |                ^^^^^^
    |
    = help: consider using a Cargo feature instead
    = help: or consider adding in `Cargo.toml` the `check-cfg` lint config for the lint:
             [lints.rust]
             unexpected_cfgs = { level = "warn", check-cfg = ['cfg(prusti)'] }
    = help: or consider adding `println!("cargo::rustc-check-cfg=cfg(prusti)");` to the top of the `build.rs`
    = note: see <https://doc.rust-lang.org/nightly/rustc/check-cfg/cargo-specifics.html> for more information about checking conditional configuration

warning: unexpected `cfg` condition name: `prusti`
   --> src/lib.rs:260:16
    |
260 |     #[cfg_attr(prusti, requires(self.balances[user] >= amount))]
    |                ^^^^^^
    |
    = help: consider using a Cargo feature instead
    = help: or consider adding in `Cargo.toml` the `check-cfg` lint config for the lint:
             [lints.rust]
             unexpected_cfgs = { level = "warn", check-cfg = ['cfg(prusti)'] }
    = help: or consider adding `println!("cargo::rustc-check-cfg=cfg(prusti)");` to the top of the `build.rs`
    = note: see <https://doc.rust-lang.org/nightly/rustc/check-cfg/cargo-specifics.html> for more information about checking conditional configuration

warning: unexpected `cfg` condition name: `prusti`
   --> src/lib.rs:261:16
    |
261 |     #[cfg_attr(prusti, ensures(self.debt == old(self.debt) - amount))]
    |                ^^^^^^
    |
    = help: consider using a Cargo feature instead
    = help: or consider adding in `Cargo.toml` the `check-cfg` lint config for the lint:
             [lints.rust]
             unexpected_cfgs = { level = "warn", check-cfg = ['cfg(prusti)'] }
    = help: or consider adding `println!("cargo::rustc-check-cfg=cfg(prusti)");` to the top of the `build.rs`
    = note: see <https://doc.rust-lang.org/nightly/rustc/check-cfg/cargo-specifics.html> for more information about checking conditional configuration

warning: unexpected `cfg` condition name: `prusti`
   --> src/lib.rs:262:16
    |
262 |     #[cfg_attr(prusti, ensures(self.balances[user] == old(self.balances[user]) - amount))]
    |                ^^^^^^
    |
    = help: consider using a Cargo feature instead
    = help: or consider adding in `Cargo.toml` the `check-cfg` lint config for the lint:
             [lints.rust]
             unexpected_cfgs = { level = "warn", check-cfg = ['cfg(prusti)'] }
    = help: or consider adding `println!("cargo::rustc-check-cfg=cfg(prusti)");` to the top of the `build.rs`
    = note: see <https://doc.rust-lang.org/nightly/rustc/check-cfg/cargo-specifics.html> for more information about checking conditional configuration

warning: unexpected `cfg` condition name: `prusti`
   --> src/lib.rs:263:16
    |
263 |     #[cfg_attr(prusti, ensures(self.invariant_solvency()))]
    |                ^^^^^^
    |
    = help: consider using a Cargo feature instead
    = help: or consider adding in `Cargo.toml` the `check-cfg` lint config for the lint:
             [lints.rust]
             unexpected_cfgs = { level = "warn", check-cfg = ['cfg(prusti)'] }
    = help: or consider adding `println!("cargo::rustc-check-cfg=cfg(prusti)");` to the top of the `build.rs`
    = note: see <https://doc.rust-lang.org/nightly/rustc/check-cfg/cargo-specifics.html> for more information about checking conditional configuration

warning: unexpected `cfg` condition name: `prusti`
   --> src/lib.rs:298:16
    |
298 |     #[cfg_attr(prusti, requires(self.collateral * self.price < self.debt))]
    |                ^^^^^^
    |
    = help: consider using a Cargo feature instead
    = help: or consider adding in `Cargo.toml` the `check-cfg` lint config for the lint:
             [lints.rust]
             unexpected_cfgs = { level = "warn", check-cfg = ['cfg(prusti)'] }
    = help: or consider adding `println!("cargo::rustc-check-cfg=cfg(prusti)");` to the top of the `build.rs`
    = note: see <https://doc.rust-lang.org/nightly/rustc/check-cfg/cargo-specifics.html> for more information about checking conditional configuration

warning: unexpected `cfg` condition name: `prusti`
   --> src/lib.rs:299:16
    |
299 |     #[cfg_attr(prusti, ensures(self.debt == 0))]
    |                ^^^^^^
    |
    = help: consider using a Cargo feature instead
    = help: or consider adding in `Cargo.toml` the `check-cfg` lint config for the lint:
             [lints.rust]
             unexpected_cfgs = { level = "warn", check-cfg = ['cfg(prusti)'] }
    = help: or consider adding `println!("cargo::rustc-check-cfg=cfg(prusti)");` to the top of the `build.rs`
    = note: see <https://doc.rust-lang.org/nightly/rustc/check-cfg/cargo-specifics.html> for more information about checking conditional configuration

warning: unexpected `cfg` condition name: `prusti`
   --> src/lib.rs:300:16
    |
300 |     #[cfg_attr(prusti, ensures(self.collateral == 0))]
    |                ^^^^^^
    |
    = help: consider using a Cargo feature instead
    = help: or consider adding in `Cargo.toml` the `check-cfg` lint config for the lint:
             [lints.rust]
             unexpected_cfgs = { level = "warn", check-cfg = ['cfg(prusti)'] }
    = help: or consider adding `println!("cargo::rustc-check-cfg=cfg(prusti)");` to the top of the `build.rs`
    = note: see <https://doc.rust-lang.org/nightly/rustc/check-cfg/cargo-specifics.html> for more information about checking conditional configuration

warning: unexpected `cfg` condition name: `prusti`
   --> src/lib.rs:308:20
    |
308 |     #[cfg_attr(any(prusti, creusot), pure)]
    |                    ^^^^^^
    |
    = help: consider using a Cargo feature instead
    = help: or consider adding in `Cargo.toml` the `check-cfg` lint config for the lint:
             [lints.rust]
             unexpected_cfgs = { level = "warn", check-cfg = ['cfg(prusti)'] }
    = help: or consider adding `println!("cargo::rustc-check-cfg=cfg(prusti)");` to the top of the `build.rs`
    = note: see <https://doc.rust-lang.org/nightly/rustc/check-cfg/cargo-specifics.html> for more information about checking conditional configuration

warning: unexpected `cfg` condition name: `creusot`
   --> src/lib.rs:308:28
    |
308 |     #[cfg_attr(any(prusti, creusot), pure)]
    |                            ^^^^^^^
    |
    = help: consider using a Cargo feature instead
    = help: or consider adding in `Cargo.toml` the `check-cfg` lint config for the lint:
             [lints.rust]
             unexpected_cfgs = { level = "warn", check-cfg = ['cfg(creusot)'] }
    = help: or consider adding `println!("cargo::rustc-check-cfg=cfg(creusot)");` to the top of the `build.rs`
    = note: see <https://doc.rust-lang.org/nightly/rustc/check-cfg/cargo-specifics.html> for more information about checking conditional configuration

warning: unexpected `cfg` condition name: `prusti`
   --> src/lib.rs:323:12
    |
323 | #[cfg_attr(prusti, ensures(result == x + y))]
    |            ^^^^^^
    |
    = help: consider using a Cargo feature instead
    = help: or consider adding in `Cargo.toml` the `check-cfg` lint config for the lint:
             [lints.rust]
             unexpected_cfgs = { level = "warn", check-cfg = ['cfg(prusti)'] }
    = help: or consider adding `println!("cargo::rustc-check-cfg=cfg(prusti)");` to the top of the `build.rs`
    = note: see <https://doc.rust-lang.org/nightly/rustc/check-cfg/cargo-specifics.html> for more information about checking conditional configuration

warning: unexpected `cfg` condition name: `prusti`
   --> src/lib.rs:324:12
    |
324 | #[cfg_attr(prusti, ensures(result >= x && result >= y))]
    |            ^^^^^^
    |
    = help: consider using a Cargo feature instead
    = help: or consider adding in `Cargo.toml` the `check-cfg` lint config for the lint:
             [lints.rust]
             unexpected_cfgs = { level = "warn", check-cfg = ['cfg(prusti)'] }
    = help: or consider adding `println!("cargo::rustc-check-cfg=cfg(prusti)");` to the top of the `build.rs`
    = note: see <https://doc.rust-lang.org/nightly/rustc/check-cfg/cargo-specifics.html> for more information about checking conditional configuration

warning: unexpected `cfg` condition name: `prusti`
   --> src/lib.rs:330:12
    |
330 | #[cfg_attr(prusti, ensures(result == x * y))]
    |            ^^^^^^
    |
    = help: consider using a Cargo feature instead
    = help: or consider adding in `Cargo.toml` the `check-cfg` lint config for the lint:
             [lints.rust]
             unexpected_cfgs = { level = "warn", check-cfg = ['cfg(prusti)'] }
    = help: or consider adding `println!("cargo::rustc-check-cfg=cfg(prusti)");` to the top of the `build.rs`
    = note: see <https://doc.rust-lang.org/nightly/rustc/check-cfg/cargo-specifics.html> for more information about checking conditional configuration

warning: unexpected `cfg` condition name: `prusti`
   --> src/lib.rs:336:12
    |
336 | #[cfg_attr(prusti, requires(x >= y))]
    |            ^^^^^^
    |
    = help: consider using a Cargo feature instead
    = help: or consider adding in `Cargo.toml` the `check-cfg` lint config for the lint:
             [lints.rust]
             unexpected_cfgs = { level = "warn", check-cfg = ['cfg(prusti)'] }
    = help: or consider adding `println!("cargo::rustc-check-cfg=cfg(prusti)");` to the top of the `build.rs`
    = note: see <https://doc.rust-lang.org/nightly/rustc/check-cfg/cargo-specifics.html> for more information about checking conditional configuration

warning: unexpected `cfg` condition name: `prusti`
   --> src/lib.rs:337:12
    |
337 | #[cfg_attr(prusti, ensures(result == x - y))]
    |            ^^^^^^
    |
    = help: consider using a Cargo feature instead
    = help: or consider adding in `Cargo.toml` the `check-cfg` lint config for the lint:
             [lints.rust]
             unexpected_cfgs = { level = "warn", check-cfg = ['cfg(prusti)'] }
    = help: or consider adding `println!("cargo::rustc-check-cfg=cfg(prusti)");` to the top of the `build.rs`
    = note: see <https://doc.rust-lang.org/nightly/rustc/check-cfg/cargo-specifics.html> for more information about checking conditional configuration

warning: unexpected `cfg` condition name: `kani`
   --> src/lib.rs:346:7
    |
346 | #[cfg(kani)]
    |       ^^^^
    |
    = help: consider using a Cargo feature instead
    = help: or consider adding in `Cargo.toml` the `check-cfg` lint config for the lint:
             [lints.rust]
             unexpected_cfgs = { level = "warn", check-cfg = ['cfg(kani)'] }
    = help: or consider adding `println!("cargo::rustc-check-cfg=cfg(kani)");` to the top of the `build.rs`
    = note: see <https://doc.rust-lang.org/nightly/rustc/check-cfg/cargo-specifics.html> for more information about checking conditional configuration

warning: unexpected `cfg` condition name: `creusot`
   --> src/lib.rs:407:7
    |
407 | #[cfg(creusot)]
    |       ^^^^^^^
    |
    = help: consider using a Cargo feature instead
    = help: or consider adding in `Cargo.toml` the `check-cfg` lint config for the lint:
             [lints.rust]
             unexpected_cfgs = { level = "warn", check-cfg = ['cfg(creusot)'] }
    = help: or consider adding `println!("cargo::rustc-check-cfg=cfg(creusot)");` to the top of the `build.rs`
    = note: see <https://doc.rust-lang.org/nightly/rustc/check-cfg/cargo-specifics.html> for more information about checking conditional configuration

warning: unused import: `std::cmp::min`
  --> src/lib.rs:12:5
   |
12 | use std::cmp::min;
   |     ^^^^^^^^^^^^^
   |
   = note: `#[warn(unused_imports)]` (part of `#[warn(unused)]`) on by default

warning: unexpected `cfg` condition name: `creusot`
   --> src/lib.rs:411:11
    |
411 |     #[cfg(creusot)]
    |           ^^^^^^^
    |
    = help: consider using a Cargo feature instead
    = help: or consider adding in `Cargo.toml` the `check-cfg` lint config for the lint:
             [lints.rust]
             unexpected_cfgs = { level = "warn", check-cfg = ['cfg(creusot)'] }
    = help: or consider adding `println!("cargo::rustc-check-cfg=cfg(creusot)");` to the top of the `build.rs`
    = note: see <https://doc.rust-lang.org/nightly/rustc/check-cfg/cargo-specifics.html> for more information about checking conditional configuration

warning: unexpected `cfg` condition name: `creusot`
   --> src/lib.rs:418:11
    |
418 |     #[cfg(creusot)]
    |           ^^^^^^^
    |
    = help: consider using a Cargo feature instead
    = help: or consider adding in `Cargo.toml` the `check-cfg` lint config for the lint:
             [lints.rust]
             unexpected_cfgs = { level = "warn", check-cfg = ['cfg(creusot)'] }
    = help: or consider adding `println!("cargo::rustc-check-cfg=cfg(creusot)");` to the top of the `build.rs`
    = note: see <https://doc.rust-lang.org/nightly/rustc/check-cfg/cargo-specifics.html> for more information about checking conditional configuration

For more information about this error, try `rustc --explain E0659`.
warning: `creusot_verify` (lib) generated 45 warnings
error: could not compile `creusot_verify` (lib) due to 8 previous errors; 45 warnings emitted
